{"E:\\WebDir\\Online-schools\\GoIT\\Course\\Node21-22\\lesson10\\app.js": {"path":"E:\\WebDir\\Online-schools\\GoIT\\Course\\Node21-22\\lesson10\\app.js","statementMap":{"0":{"start":{"line":1,"column":16},"end":{"line":1,"column":34}},"1":{"start":{"line":2,"column":15},"end":{"line":2,"column":32}},"2":{"start":{"line":3,"column":13},"end":{"line":3,"column":28}},"3":{"start":{"line":4,"column":15},"end":{"line":4,"column":32}},"4":{"start":{"line":5,"column":13},"end":{"line":5,"column":28}},"5":{"start":{"line":6,"column":18},"end":{"line":6,"column":47}},"6":{"start":{"line":7,"column":21},"end":{"line":7,"column":51}},"7":{"start":{"line":8,"column":19},"end":{"line":8,"column":47}},"8":{"start":{"line":9,"column":20},"end":{"line":9,"column":49}},"9":{"start":{"line":10,"column":0},"end":{"line":10,"column":26}},"10":{"start":{"line":12,"column":12},"end":{"line":12,"column":21}},"11":{"start":{"line":14,"column":25},"end":{"line":14,"column":53}},"12":{"start":{"line":15,"column":0},"end":{"line":15,"column":63}},"13":{"start":{"line":17,"column":22},"end":{"line":17,"column":72}},"14":{"start":{"line":19,"column":0},"end":{"line":19,"column":17}},"15":{"start":{"line":20,"column":0},"end":{"line":20,"column":59}},"16":{"start":{"line":21,"column":0},"end":{"line":21,"column":15}},"17":{"start":{"line":22,"column":0},"end":{"line":22,"column":39}},"18":{"start":{"line":23,"column":19},"end":{"line":34,"column":2}},"19":{"start":{"line":27,"column":4},"end":{"line":32,"column":6}},"20":{"start":{"line":37,"column":0},"end":{"line":37,"column":28}},"21":{"start":{"line":38,"column":0},"end":{"line":38,"column":34}},"22":{"start":{"line":39,"column":0},"end":{"line":39,"column":32}},"23":{"start":{"line":41,"column":0},"end":{"line":43,"column":2}},"24":{"start":{"line":42,"column":2},"end":{"line":42,"column":48}},"25":{"start":{"line":45,"column":0},"end":{"line":47,"column":2}},"26":{"start":{"line":46,"column":2},"end":{"line":46,"column":62}},"27":{"start":{"line":49,"column":0},"end":{"line":49,"column":20}}},"fnMap":{"0":{"name":"(anonymous_0)","decl":{"start":{"line":26,"column":11},"end":{"line":26,"column":12}},"loc":{"start":{"line":26,"column":31},"end":{"line":33,"column":3}},"line":26},"1":{"name":"(anonymous_1)","decl":{"start":{"line":41,"column":8},"end":{"line":41,"column":9}},"loc":{"start":{"line":41,"column":22},"end":{"line":43,"column":1}},"line":41},"2":{"name":"(anonymous_2)","decl":{"start":{"line":45,"column":8},"end":{"line":45,"column":9}},"loc":{"start":{"line":45,"column":33},"end":{"line":47,"column":1}},"line":45}},"branchMap":{"0":{"loc":{"start":{"line":17,"column":22},"end":{"line":17,"column":72}},"type":"cond-expr","locations":[{"start":{"line":17,"column":57},"end":{"line":17,"column":62}},{"start":{"line":17,"column":65},"end":{"line":17,"column":72}}],"line":17},"1":{"loc":{"start":{"line":20,"column":0},"end":{"line":20,"column":59}},"type":"binary-expr","locations":[{"start":{"line":20,"column":0},"end":{"line":20,"column":25}},{"start":{"line":20,"column":29},"end":{"line":20,"column":59}}],"line":20},"2":{"loc":{"start":{"line":46,"column":13},"end":{"line":46,"column":30}},"type":"binary-expr","locations":[{"start":{"line":46,"column":13},"end":{"line":46,"column":23}},{"start":{"line":46,"column":27},"end":{"line":46,"column":30}}],"line":46}},"s":{"0":2,"1":2,"2":2,"3":2,"4":2,"5":2,"6":2,"7":2,"8":2,"9":2,"10":2,"11":2,"12":2,"13":2,"14":2,"15":2,"16":2,"17":2,"18":2,"19":0,"20":2,"21":2,"22":2,"23":2,"24":0,"25":2,"26":4,"27":2},"f":{"0":0,"1":0,"2":4},"b":{"0":[0,2],"1":[2,0],"2":[4,0]},"_coverageSchema":"1a1c01bbd47fc00a2c39e90264f33305004495a9","hash":"29215d14238fc28ab8c9e298e291a06ac537dbed"}
,"E:\\WebDir\\Online-schools\\GoIT\\Course\\Node21-22\\lesson10\\config\\passport.js": {"path":"E:\\WebDir\\Online-schools\\GoIT\\Course\\Node21-22\\lesson10\\config\\passport.js","statementMap":{"0":{"start":{"line":1,"column":17},"end":{"line":1,"column":36}},"1":{"start":{"line":2,"column":33},"end":{"line":2,"column":56}},"2":{"start":{"line":3,"column":14},"end":{"line":3,"column":39}},"3":{"start":{"line":4,"column":0},"end":{"line":4,"column":26}},"4":{"start":{"line":5,"column":19},"end":{"line":5,"column":41}},"5":{"start":{"line":7,"column":15},"end":{"line":10,"column":1}},"6":{"start":{"line":12,"column":0},"end":{"line":27,"column":1}},"7":{"start":{"line":14,"column":4},"end":{"line":25,"column":5}},"8":{"start":{"line":15,"column":19},"end":{"line":15,"column":51}},"9":{"start":{"line":16,"column":6},"end":{"line":18,"column":7}},"10":{"start":{"line":17,"column":8},"end":{"line":17,"column":48}},"11":{"start":{"line":19,"column":6},"end":{"line":21,"column":7}},"12":{"start":{"line":20,"column":8},"end":{"line":20,"column":32}},"13":{"start":{"line":22,"column":6},"end":{"line":22,"column":29}},"14":{"start":{"line":24,"column":6},"end":{"line":24,"column":15}}},"fnMap":{"0":{"name":"(anonymous_0)","decl":{"start":{"line":13,"column":23},"end":{"line":13,"column":24}},"loc":{"start":{"line":13,"column":48},"end":{"line":26,"column":3}},"line":13}},"branchMap":{"0":{"loc":{"start":{"line":16,"column":6},"end":{"line":18,"column":7}},"type":"if","locations":[{"start":{"line":16,"column":6},"end":{"line":18,"column":7}},{"start":{"line":16,"column":6},"end":{"line":18,"column":7}}],"line":16},"1":{"loc":{"start":{"line":19,"column":6},"end":{"line":21,"column":7}},"type":"if","locations":[{"start":{"line":19,"column":6},"end":{"line":21,"column":7}},{"start":{"line":19,"column":6},"end":{"line":21,"column":7}}],"line":19}},"s":{"0":2,"1":2,"2":2,"3":2,"4":2,"5":2,"6":2,"7":11,"8":11,"9":11,"10":0,"11":11,"12":0,"13":11,"14":0},"f":{"0":11},"b":{"0":[0,11],"1":[0,11]},"_coverageSchema":"1a1c01bbd47fc00a2c39e90264f33305004495a9","hash":"f65d3609dccebda304a593c478a1cca868eae2e3"}
,"E:\\WebDir\\Online-schools\\GoIT\\Course\\Node21-22\\lesson10\\controllers\\cats.js": {"path":"E:\\WebDir\\Online-schools\\GoIT\\Course\\Node21-22\\lesson10\\controllers\\cats.js","statementMap":{"0":{"start":{"line":1,"column":13},"end":{"line":1,"column":37}},"1":{"start":{"line":3,"column":15},"end":{"line":17,"column":1}},"2":{"start":{"line":4,"column":2},"end":{"line":16,"column":3}},"3":{"start":{"line":5,"column":19},"end":{"line":5,"column":30}},"4":{"start":{"line":6,"column":17},"end":{"line":6,"column":53}},"5":{"start":{"line":7,"column":4},"end":{"line":13,"column":6}},"6":{"start":{"line":15,"column":4},"end":{"line":15,"column":11}},"7":{"start":{"line":19,"column":16},"end":{"line":41,"column":1}},"8":{"start":{"line":20,"column":2},"end":{"line":40,"column":3}},"9":{"start":{"line":21,"column":19},"end":{"line":21,"column":30}},"10":{"start":{"line":22,"column":16},"end":{"line":22,"column":57}},"11":{"start":{"line":23,"column":4},"end":{"line":37,"column":5}},"12":{"start":{"line":24,"column":6},"end":{"line":30,"column":8}},"13":{"start":{"line":32,"column":6},"end":{"line":36,"column":8}},"14":{"start":{"line":39,"column":4},"end":{"line":39,"column":11}},"15":{"start":{"line":43,"column":15},"end":{"line":57,"column":1}},"16":{"start":{"line":44,"column":2},"end":{"line":56,"column":3}},"17":{"start":{"line":45,"column":19},"end":{"line":45,"column":30}},"18":{"start":{"line":46,"column":16},"end":{"line":46,"column":65}},"19":{"start":{"line":47,"column":4},"end":{"line":53,"column":6}},"20":{"start":{"line":55,"column":4},"end":{"line":55,"column":11}},"21":{"start":{"line":59,"column":15},"end":{"line":81,"column":1}},"22":{"start":{"line":60,"column":2},"end":{"line":80,"column":3}},"23":{"start":{"line":61,"column":19},"end":{"line":61,"column":30}},"24":{"start":{"line":62,"column":16},"end":{"line":62,"column":56}},"25":{"start":{"line":63,"column":4},"end":{"line":77,"column":5}},"26":{"start":{"line":64,"column":6},"end":{"line":70,"column":8}},"27":{"start":{"line":72,"column":6},"end":{"line":76,"column":8}},"28":{"start":{"line":79,"column":4},"end":{"line":79,"column":11}},"29":{"start":{"line":83,"column":15},"end":{"line":105,"column":1}},"30":{"start":{"line":84,"column":2},"end":{"line":104,"column":3}},"31":{"start":{"line":85,"column":19},"end":{"line":85,"column":30}},"32":{"start":{"line":86,"column":16},"end":{"line":86,"column":66}},"33":{"start":{"line":87,"column":4},"end":{"line":101,"column":5}},"34":{"start":{"line":88,"column":6},"end":{"line":94,"column":8}},"35":{"start":{"line":96,"column":6},"end":{"line":100,"column":8}},"36":{"start":{"line":103,"column":4},"end":{"line":103,"column":11}},"37":{"start":{"line":107,"column":21},"end":{"line":129,"column":1}},"38":{"start":{"line":108,"column":2},"end":{"line":128,"column":3}},"39":{"start":{"line":109,"column":19},"end":{"line":109,"column":30}},"40":{"start":{"line":110,"column":16},"end":{"line":110,"column":66}},"41":{"start":{"line":111,"column":4},"end":{"line":125,"column":5}},"42":{"start":{"line":112,"column":6},"end":{"line":118,"column":8}},"43":{"start":{"line":120,"column":6},"end":{"line":124,"column":8}},"44":{"start":{"line":127,"column":4},"end":{"line":127,"column":11}},"45":{"start":{"line":131,"column":0},"end":{"line":138,"column":1}}},"fnMap":{"0":{"name":"(anonymous_0)","decl":{"start":{"line":3,"column":15},"end":{"line":3,"column":16}},"loc":{"start":{"line":3,"column":41},"end":{"line":17,"column":1}},"line":3},"1":{"name":"(anonymous_1)","decl":{"start":{"line":19,"column":16},"end":{"line":19,"column":17}},"loc":{"start":{"line":19,"column":42},"end":{"line":41,"column":1}},"line":19},"2":{"name":"(anonymous_2)","decl":{"start":{"line":43,"column":15},"end":{"line":43,"column":16}},"loc":{"start":{"line":43,"column":41},"end":{"line":57,"column":1}},"line":43},"3":{"name":"(anonymous_3)","decl":{"start":{"line":59,"column":15},"end":{"line":59,"column":16}},"loc":{"start":{"line":59,"column":41},"end":{"line":81,"column":1}},"line":59},"4":{"name":"(anonymous_4)","decl":{"start":{"line":83,"column":15},"end":{"line":83,"column":16}},"loc":{"start":{"line":83,"column":41},"end":{"line":105,"column":1}},"line":83},"5":{"name":"(anonymous_5)","decl":{"start":{"line":107,"column":21},"end":{"line":107,"column":22}},"loc":{"start":{"line":107,"column":47},"end":{"line":129,"column":1}},"line":107}},"branchMap":{"0":{"loc":{"start":{"line":23,"column":4},"end":{"line":37,"column":5}},"type":"if","locations":[{"start":{"line":23,"column":4},"end":{"line":37,"column":5}},{"start":{"line":23,"column":4},"end":{"line":37,"column":5}}],"line":23},"1":{"loc":{"start":{"line":63,"column":4},"end":{"line":77,"column":5}},"type":"if","locations":[{"start":{"line":63,"column":4},"end":{"line":77,"column":5}},{"start":{"line":63,"column":4},"end":{"line":77,"column":5}}],"line":63},"2":{"loc":{"start":{"line":87,"column":4},"end":{"line":101,"column":5}},"type":"if","locations":[{"start":{"line":87,"column":4},"end":{"line":101,"column":5}},{"start":{"line":87,"column":4},"end":{"line":101,"column":5}}],"line":87},"3":{"loc":{"start":{"line":111,"column":4},"end":{"line":125,"column":5}},"type":"if","locations":[{"start":{"line":111,"column":4},"end":{"line":125,"column":5}},{"start":{"line":111,"column":4},"end":{"line":125,"column":5}}],"line":111}},"s":{"0":2,"1":2,"2":1,"3":1,"4":1,"5":1,"6":0,"7":2,"8":2,"9":2,"10":2,"11":2,"12":1,"13":1,"14":0,"15":2,"16":1,"17":1,"18":1,"19":1,"20":0,"21":2,"22":0,"23":0,"24":0,"25":0,"26":0,"27":0,"28":0,"29":2,"30":2,"31":2,"32":2,"33":2,"34":1,"35":1,"36":0,"37":2,"38":0,"39":0,"40":0,"41":0,"42":0,"43":0,"44":0,"45":2},"f":{"0":1,"1":2,"2":1,"3":0,"4":2,"5":0},"b":{"0":[1,1],"1":[0,0],"2":[1,1],"3":[0,0]},"_coverageSchema":"1a1c01bbd47fc00a2c39e90264f33305004495a9","hash":"6136fa78e567acfb245bc628bf84c9b8fb45169a"}
,"E:\\WebDir\\Online-schools\\GoIT\\Course\\Node21-22\\lesson10\\controllers\\users.js": {"path":"E:\\WebDir\\Online-schools\\GoIT\\Course\\Node21-22\\lesson10\\controllers\\users.js","statementMap":{"0":{"start":{"line":1,"column":12},"end":{"line":1,"column":35}},"1":{"start":{"line":2,"column":14},"end":{"line":2,"column":39}},"2":{"start":{"line":3,"column":11},"end":{"line":3,"column":33}},"3":{"start":{"line":4,"column":13},"end":{"line":4,"column":28}},"4":{"start":{"line":5,"column":13},"end":{"line":5,"column":28}},"5":{"start":{"line":6,"column":22},"end":{"line":6,"column":37}},"6":{"start":{"line":7,"column":19},"end":{"line":7,"column":43}},"7":{"start":{"line":8,"column":0},"end":{"line":8,"column":26}},"8":{"start":{"line":10,"column":21},"end":{"line":10,"column":52}},"9":{"start":{"line":11,"column":28},"end":{"line":11,"column":60}},"10":{"start":{"line":13,"column":19},"end":{"line":13,"column":41}},"11":{"start":{"line":14,"column":0},"end":{"line":18,"column":2}},"12":{"start":{"line":19,"column":20},"end":{"line":19,"column":57}},"13":{"start":{"line":21,"column":12},"end":{"line":47,"column":1}},"14":{"start":{"line":22,"column":2},"end":{"line":46,"column":3}},"15":{"start":{"line":23,"column":22},"end":{"line":23,"column":30}},"16":{"start":{"line":24,"column":17},"end":{"line":24,"column":47}},"17":{"start":{"line":25,"column":4},"end":{"line":32,"column":5}},"18":{"start":{"line":26,"column":6},"end":{"line":31,"column":8}},"19":{"start":{"line":33,"column":20},"end":{"line":33,"column":48}},"20":{"start":{"line":34,"column":4},"end":{"line":43,"column":6}},"21":{"start":{"line":45,"column":4},"end":{"line":45,"column":11}},"22":{"start":{"line":49,"column":14},"end":{"line":76,"column":1}},"23":{"start":{"line":50,"column":2},"end":{"line":75,"column":3}},"24":{"start":{"line":51,"column":32},"end":{"line":51,"column":40}},"25":{"start":{"line":52,"column":17},"end":{"line":52,"column":47}},"26":{"start":{"line":53,"column":28},"end":{"line":53,"column":63}},"27":{"start":{"line":54,"column":4},"end":{"line":61,"column":5}},"28":{"start":{"line":55,"column":6},"end":{"line":60,"column":8}},"29":{"start":{"line":62,"column":15},"end":{"line":62,"column":23}},"30":{"start":{"line":63,"column":20},"end":{"line":63,"column":26}},"31":{"start":{"line":64,"column":18},"end":{"line":64,"column":68}},"32":{"start":{"line":65,"column":4},"end":{"line":65,"column":38}},"33":{"start":{"line":66,"column":4},"end":{"line":72,"column":6}},"34":{"start":{"line":74,"column":4},"end":{"line":74,"column":11}},"35":{"start":{"line":78,"column":15},"end":{"line":82,"column":1}},"36":{"start":{"line":79,"column":13},"end":{"line":79,"column":24}},"37":{"start":{"line":80,"column":2},"end":{"line":80,"column":35}},"38":{"start":{"line":81,"column":2},"end":{"line":81,"column":49}},"39":{"start":{"line":84,"column":16},"end":{"line":103,"column":1}},"40":{"start":{"line":85,"column":2},"end":{"line":102,"column":3}},"41":{"start":{"line":86,"column":15},"end":{"line":86,"column":26}},"42":{"start":{"line":91,"column":8},"end":{"line":91,"column":36}},"43":{"start":{"line":92,"column":4},"end":{"line":92,"column":55}},"44":{"start":{"line":93,"column":4},"end":{"line":99,"column":6}},"45":{"start":{"line":101,"column":4},"end":{"line":101,"column":11}},"46":{"start":{"line":105,"column":27},"end":{"line":124,"column":1}},"47":{"start":{"line":106,"column":13},"end":{"line":106,"column":24}},"48":{"start":{"line":107,"column":27},"end":{"line":107,"column":55}},"49":{"start":{"line":108,"column":19},"end":{"line":108,"column":32}},"50":{"start":{"line":109,"column":24},"end":{"line":109,"column":64}},"51":{"start":{"line":110,"column":14},"end":{"line":110,"column":39}},"52":{"start":{"line":111,"column":2},"end":{"line":114,"column":25}},"53":{"start":{"line":115,"column":2},"end":{"line":115,"column":60}},"54":{"start":{"line":116,"column":2},"end":{"line":116,"column":75}},"55":{"start":{"line":117,"column":20},"end":{"line":117,"column":64}},"56":{"start":{"line":118,"column":2},"end":{"line":122,"column":3}},"57":{"start":{"line":119,"column":4},"end":{"line":119,"column":80}},"58":{"start":{"line":121,"column":4},"end":{"line":121,"column":26}},"59":{"start":{"line":123,"column":2},"end":{"line":123,"column":18}},"60":{"start":{"line":126,"column":26},"end":{"line":142,"column":1}},"61":{"start":{"line":127,"column":19},"end":{"line":127,"column":32}},"62":{"start":{"line":128,"column":17},"end":{"line":132,"column":4}},"63":{"start":{"line":136,"column":2},"end":{"line":140,"column":3}},"64":{"start":{"line":137,"column":4},"end":{"line":137,"column":29}},"65":{"start":{"line":139,"column":4},"end":{"line":139,"column":26}},"66":{"start":{"line":141,"column":2},"end":{"line":141,"column":15}},"67":{"start":{"line":144,"column":0},"end":{"line":144,"column":48}}},"fnMap":{"0":{"name":"(anonymous_0)","decl":{"start":{"line":21,"column":12},"end":{"line":21,"column":13}},"loc":{"start":{"line":21,"column":38},"end":{"line":47,"column":1}},"line":21},"1":{"name":"(anonymous_1)","decl":{"start":{"line":49,"column":14},"end":{"line":49,"column":15}},"loc":{"start":{"line":49,"column":40},"end":{"line":76,"column":1}},"line":49},"2":{"name":"(anonymous_2)","decl":{"start":{"line":78,"column":15},"end":{"line":78,"column":16}},"loc":{"start":{"line":78,"column":41},"end":{"line":82,"column":1}},"line":78},"3":{"name":"(anonymous_3)","decl":{"start":{"line":84,"column":16},"end":{"line":84,"column":17}},"loc":{"start":{"line":84,"column":42},"end":{"line":103,"column":1}},"line":84},"4":{"name":"(anonymous_4)","decl":{"start":{"line":105,"column":27},"end":{"line":105,"column":28}},"loc":{"start":{"line":105,"column":42},"end":{"line":124,"column":1}},"line":105},"5":{"name":"(anonymous_5)","decl":{"start":{"line":126,"column":26},"end":{"line":126,"column":27}},"loc":{"start":{"line":126,"column":41},"end":{"line":142,"column":1}},"line":126}},"branchMap":{"0":{"loc":{"start":{"line":25,"column":4},"end":{"line":32,"column":5}},"type":"if","locations":[{"start":{"line":25,"column":4},"end":{"line":32,"column":5}},{"start":{"line":25,"column":4},"end":{"line":32,"column":5}}],"line":25},"1":{"loc":{"start":{"line":54,"column":4},"end":{"line":61,"column":5}},"type":"if","locations":[{"start":{"line":54,"column":4},"end":{"line":61,"column":5}},{"start":{"line":54,"column":4},"end":{"line":61,"column":5}}],"line":54},"2":{"loc":{"start":{"line":54,"column":8},"end":{"line":54,"column":33}},"type":"binary-expr","locations":[{"start":{"line":54,"column":8},"end":{"line":54,"column":13}},{"start":{"line":54,"column":17},"end":{"line":54,"column":33}}],"line":54}},"s":{"0":2,"1":2,"2":2,"3":2,"4":2,"5":2,"6":2,"7":2,"8":2,"9":2,"10":2,"11":2,"12":2,"13":2,"14":2,"15":2,"16":2,"17":2,"18":1,"19":1,"20":1,"21":0,"22":2,"23":2,"24":2,"25":2,"26":2,"27":2,"28":1,"29":1,"30":1,"31":1,"32":1,"33":1,"34":0,"35":2,"36":0,"37":0,"38":0,"39":2,"40":1,"41":1,"42":1,"43":1,"44":1,"45":0,"46":2,"47":0,"48":0,"49":0,"50":0,"51":0,"52":0,"53":0,"54":0,"55":0,"56":0,"57":0,"58":0,"59":0,"60":2,"61":1,"62":1,"63":1,"64":1,"65":0,"66":1,"67":2},"f":{"0":2,"1":2,"2":0,"3":1,"4":0,"5":1},"b":{"0":[1,1],"1":[1,1],"2":[2,1]},"_coverageSchema":"1a1c01bbd47fc00a2c39e90264f33305004495a9","hash":"a0f21cb4f8703a586ae8e3c025c03b5b9520d623"}
,"E:\\WebDir\\Online-schools\\GoIT\\Course\\Node21-22\\lesson10\\helpers\\constants.js": {"path":"E:\\WebDir\\Online-schools\\GoIT\\Course\\Node21-22\\lesson10\\helpers\\constants.js","statementMap":{"0":{"start":{"line":1,"column":12},"end":{"line":5,"column":1}},"1":{"start":{"line":7,"column":17},"end":{"line":16,"column":1}},"2":{"start":{"line":18,"column":0},"end":{"line":21,"column":1}}},"fnMap":{},"branchMap":{},"s":{"0":2,"1":2,"2":2},"f":{},"b":{},"_coverageSchema":"1a1c01bbd47fc00a2c39e90264f33305004495a9","hash":"65f02885d6d01bcd49f87b9dc14c75c738f16ba6"}
,"E:\\WebDir\\Online-schools\\GoIT\\Course\\Node21-22\\lesson10\\helpers\\create-dir.js": {"path":"E:\\WebDir\\Online-schools\\GoIT\\Course\\Node21-22\\lesson10\\helpers\\create-dir.js","statementMap":{"0":{"start":{"line":1,"column":11},"end":{"line":1,"column":33}},"1":{"start":{"line":3,"column":21},"end":{"line":8,"column":1}},"2":{"start":{"line":4,"column":2},"end":{"line":7,"column":23}},"3":{"start":{"line":6,"column":16},"end":{"line":6,"column":20}},"4":{"start":{"line":7,"column":17},"end":{"line":7,"column":22}},"5":{"start":{"line":10,"column":28},"end":{"line":14,"column":1}},"6":{"start":{"line":11,"column":2},"end":{"line":13,"column":3}},"7":{"start":{"line":12,"column":4},"end":{"line":12,"column":26}},"8":{"start":{"line":16,"column":0},"end":{"line":16,"column":36}}},"fnMap":{"0":{"name":"(anonymous_0)","decl":{"start":{"line":3,"column":21},"end":{"line":3,"column":22}},"loc":{"start":{"line":3,"column":31},"end":{"line":8,"column":1}},"line":3},"1":{"name":"(anonymous_1)","decl":{"start":{"line":6,"column":10},"end":{"line":6,"column":11}},"loc":{"start":{"line":6,"column":16},"end":{"line":6,"column":20}},"line":6},"2":{"name":"(anonymous_2)","decl":{"start":{"line":7,"column":11},"end":{"line":7,"column":12}},"loc":{"start":{"line":7,"column":17},"end":{"line":7,"column":22}},"line":7},"3":{"name":"(anonymous_3)","decl":{"start":{"line":10,"column":28},"end":{"line":10,"column":29}},"loc":{"start":{"line":10,"column":46},"end":{"line":14,"column":1}},"line":10}},"branchMap":{"0":{"loc":{"start":{"line":11,"column":2},"end":{"line":13,"column":3}},"type":"if","locations":[{"start":{"line":11,"column":2},"end":{"line":13,"column":3}},{"start":{"line":11,"column":2},"end":{"line":13,"column":3}}],"line":11}},"s":{"0":3,"1":3,"2":2,"3":1,"4":1,"5":3,"6":2,"7":1,"8":3},"f":{"0":2,"1":1,"2":1,"3":2},"b":{"0":[1,1]},"_coverageSchema":"1a1c01bbd47fc00a2c39e90264f33305004495a9","hash":"84cbba1c0540a8735e82a6db9b485c2e699bfd3a"}
,"E:\\WebDir\\Online-schools\\GoIT\\Course\\Node21-22\\lesson10\\helpers\\guard.js": {"path":"E:\\WebDir\\Online-schools\\GoIT\\Course\\Node21-22\\lesson10\\helpers\\guard.js","statementMap":{"0":{"start":{"line":1,"column":17},"end":{"line":1,"column":36}},"1":{"start":{"line":2,"column":0},"end":{"line":2,"column":29}},"2":{"start":{"line":3,"column":21},"end":{"line":3,"column":43}},"3":{"start":{"line":5,"column":14},"end":{"line":19,"column":1}},"4":{"start":{"line":6,"column":2},"end":{"line":18,"column":20}},"5":{"start":{"line":7,"column":18},"end":{"line":7,"column":57}},"6":{"start":{"line":8,"column":4},"end":{"line":15,"column":5}},"7":{"start":{"line":9,"column":6},"end":{"line":14,"column":8}},"8":{"start":{"line":16,"column":4},"end":{"line":16,"column":19}},"9":{"start":{"line":17,"column":4},"end":{"line":17,"column":17}},"10":{"start":{"line":21,"column":0},"end":{"line":21,"column":22}}},"fnMap":{"0":{"name":"(anonymous_0)","decl":{"start":{"line":5,"column":14},"end":{"line":5,"column":15}},"loc":{"start":{"line":5,"column":34},"end":{"line":19,"column":1}},"line":5},"1":{"name":"(anonymous_1)","decl":{"start":{"line":6,"column":51},"end":{"line":6,"column":52}},"loc":{"start":{"line":6,"column":66},"end":{"line":18,"column":3}},"line":6}},"branchMap":{"0":{"loc":{"start":{"line":8,"column":4},"end":{"line":15,"column":5}},"type":"if","locations":[{"start":{"line":8,"column":4},"end":{"line":15,"column":5}},{"start":{"line":8,"column":4},"end":{"line":15,"column":5}}],"line":8},"1":{"loc":{"start":{"line":8,"column":8},"end":{"line":8,"column":44}},"type":"binary-expr","locations":[{"start":{"line":8,"column":8},"end":{"line":8,"column":13}},{"start":{"line":8,"column":17},"end":{"line":8,"column":20}},{"start":{"line":8,"column":24},"end":{"line":8,"column":44}}],"line":8}},"s":{"0":2,"1":2,"2":2,"3":2,"4":11,"5":11,"6":11,"7":0,"8":11,"9":11,"10":2},"f":{"0":11,"1":11},"b":{"0":[0,11],"1":[11,11,11]},"_coverageSchema":"1a1c01bbd47fc00a2c39e90264f33305004495a9","hash":"168ef9415b90a6ec7d6fadaab920243a4b54f912"}
,"E:\\WebDir\\Online-schools\\GoIT\\Course\\Node21-22\\lesson10\\helpers\\rate-limit-reg.js": {"path":"E:\\WebDir\\Online-schools\\GoIT\\Course\\Node21-22\\lesson10\\helpers\\rate-limit-reg.js","statementMap":{"0":{"start":{"line":1,"column":18},"end":{"line":1,"column":47}},"1":{"start":{"line":2,"column":21},"end":{"line":2,"column":43}},"2":{"start":{"line":4,"column":29},"end":{"line":15,"column":2}},"3":{"start":{"line":8,"column":4},"end":{"line":13,"column":6}},"4":{"start":{"line":17,"column":0},"end":{"line":17,"column":41}}},"fnMap":{"0":{"name":"(anonymous_0)","decl":{"start":{"line":7,"column":11},"end":{"line":7,"column":12}},"loc":{"start":{"line":7,"column":31},"end":{"line":14,"column":3}},"line":7}},"branchMap":{},"s":{"0":2,"1":2,"2":2,"3":0,"4":2},"f":{"0":0},"b":{},"_coverageSchema":"1a1c01bbd47fc00a2c39e90264f33305004495a9","hash":"79caf54e5b59472299eb18132ee844ee6930f283"}
,"E:\\WebDir\\Online-schools\\GoIT\\Course\\Node21-22\\lesson10\\helpers\\upload.js": {"path":"E:\\WebDir\\Online-schools\\GoIT\\Course\\Node21-22\\lesson10\\helpers\\upload.js","statementMap":{"0":{"start":{"line":1,"column":15},"end":{"line":1,"column":32}},"1":{"start":{"line":2,"column":13},"end":{"line":2,"column":28}},"2":{"start":{"line":3,"column":0},"end":{"line":3,"column":26}},"3":{"start":{"line":4,"column":19},"end":{"line":4,"column":67}},"4":{"start":{"line":6,"column":16},"end":{"line":13,"column":2}},"5":{"start":{"line":8,"column":4},"end":{"line":8,"column":24}},"6":{"start":{"line":11,"column":4},"end":{"line":11,"column":31}},"7":{"start":{"line":15,"column":15},"end":{"line":25,"column":2}},"8":{"start":{"line":19,"column":4},"end":{"line":22,"column":5}},"9":{"start":{"line":20,"column":6},"end":{"line":20,"column":20}},"10":{"start":{"line":21,"column":6},"end":{"line":21,"column":12}},"11":{"start":{"line":23,"column":4},"end":{"line":23,"column":19}},"12":{"start":{"line":27,"column":0},"end":{"line":27,"column":23}}},"fnMap":{"0":{"name":"(anonymous_0)","decl":{"start":{"line":7,"column":15},"end":{"line":7,"column":16}},"loc":{"start":{"line":7,"column":40},"end":{"line":9,"column":3}},"line":7},"1":{"name":"(anonymous_1)","decl":{"start":{"line":10,"column":12},"end":{"line":10,"column":13}},"loc":{"start":{"line":10,"column":37},"end":{"line":12,"column":3}},"line":10},"2":{"name":"(anonymous_2)","decl":{"start":{"line":18,"column":14},"end":{"line":18,"column":15}},"loc":{"start":{"line":18,"column":33},"end":{"line":24,"column":3}},"line":18}},"branchMap":{"0":{"loc":{"start":{"line":19,"column":4},"end":{"line":22,"column":5}},"type":"if","locations":[{"start":{"line":19,"column":4},"end":{"line":22,"column":5}},{"start":{"line":19,"column":4},"end":{"line":22,"column":5}}],"line":19}},"s":{"0":2,"1":2,"2":2,"3":2,"4":2,"5":1,"6":1,"7":2,"8":1,"9":1,"10":1,"11":0,"12":2},"f":{"0":1,"1":1,"2":1},"b":{"0":[1,0]},"_coverageSchema":"1a1c01bbd47fc00a2c39e90264f33305004495a9","hash":"3c71abcc6916cb07932a1346c7ce87fefbaab3b9"}
,"E:\\WebDir\\Online-schools\\GoIT\\Course\\Node21-22\\lesson10\\routes\\api\\cats\\index.js": {"path":"E:\\WebDir\\Online-schools\\GoIT\\Course\\Node21-22\\lesson10\\routes\\api\\cats\\index.js","statementMap":{"0":{"start":{"line":1,"column":16},"end":{"line":1,"column":34}},"1":{"start":{"line":2,"column":15},"end":{"line":2,"column":31}},"2":{"start":{"line":3,"column":17},"end":{"line":3,"column":40}},"3":{"start":{"line":4,"column":23},"end":{"line":4,"column":59}},"4":{"start":{"line":5,"column":14},"end":{"line":5,"column":47}},"5":{"start":{"line":7,"column":0},"end":{"line":9,"column":62}},"6":{"start":{"line":11,"column":0},"end":{"line":14,"column":66}},"7":{"start":{"line":16,"column":0},"end":{"line":21,"column":1}},"8":{"start":{"line":23,"column":0},"end":{"line":23,"column":23}}},"fnMap":{},"branchMap":{},"s":{"0":2,"1":2,"2":2,"3":2,"4":2,"5":2,"6":2,"7":2,"8":2},"f":{},"b":{},"_coverageSchema":"1a1c01bbd47fc00a2c39e90264f33305004495a9","hash":"f0ddfdf8b39549ee16bedf155ad5bd97d25887cd"}
,"E:\\WebDir\\Online-schools\\GoIT\\Course\\Node21-22\\lesson10\\routes\\api\\cats\\validation.js": {"path":"E:\\WebDir\\Online-schools\\GoIT\\Course\\Node21-22\\lesson10\\routes\\api\\cats\\validation.js","statementMap":{"0":{"start":{"line":1,"column":12},"end":{"line":1,"column":26}},"1":{"start":{"line":3,"column":24},"end":{"line":7,"column":2}},"2":{"start":{"line":9,"column":24},"end":{"line":13,"column":2}},"3":{"start":{"line":15,"column":30},"end":{"line":17,"column":2}},"4":{"start":{"line":19,"column":20},"end":{"line":21,"column":2}},"5":{"start":{"line":23,"column":17},"end":{"line":33,"column":1}},"6":{"start":{"line":24,"column":20},"end":{"line":24,"column":40}},"7":{"start":{"line":25,"column":2},"end":{"line":31,"column":3}},"8":{"start":{"line":26,"column":26},"end":{"line":26,"column":39}},"9":{"start":{"line":27,"column":4},"end":{"line":30,"column":6}},"10":{"start":{"line":32,"column":2},"end":{"line":32,"column":8}},"11":{"start":{"line":35,"column":0},"end":{"line":37,"column":1}},"12":{"start":{"line":36,"column":2},"end":{"line":36,"column":50}},"13":{"start":{"line":39,"column":0},"end":{"line":41,"column":1}},"14":{"start":{"line":40,"column":2},"end":{"line":40,"column":50}},"15":{"start":{"line":43,"column":0},"end":{"line":45,"column":1}},"16":{"start":{"line":44,"column":2},"end":{"line":44,"column":56}},"17":{"start":{"line":47,"column":0},"end":{"line":49,"column":1}},"18":{"start":{"line":48,"column":2},"end":{"line":48,"column":47}}},"fnMap":{"0":{"name":"(anonymous_0)","decl":{"start":{"line":23,"column":17},"end":{"line":23,"column":18}},"loc":{"start":{"line":23,"column":40},"end":{"line":33,"column":1}},"line":23},"1":{"name":"(anonymous_1)","decl":{"start":{"line":35,"column":27},"end":{"line":35,"column":28}},"loc":{"start":{"line":35,"column":47},"end":{"line":37,"column":1}},"line":35},"2":{"name":"(anonymous_2)","decl":{"start":{"line":39,"column":27},"end":{"line":39,"column":28}},"loc":{"start":{"line":39,"column":47},"end":{"line":41,"column":1}},"line":39},"3":{"name":"(anonymous_3)","decl":{"start":{"line":43,"column":33},"end":{"line":43,"column":34}},"loc":{"start":{"line":43,"column":53},"end":{"line":45,"column":1}},"line":43},"4":{"name":"(anonymous_4)","decl":{"start":{"line":47,"column":23},"end":{"line":47,"column":24}},"loc":{"start":{"line":47,"column":43},"end":{"line":49,"column":1}},"line":47}},"branchMap":{"0":{"loc":{"start":{"line":25,"column":2},"end":{"line":31,"column":3}},"type":"if","locations":[{"start":{"line":25,"column":2},"end":{"line":31,"column":3}},{"start":{"line":25,"column":2},"end":{"line":31,"column":3}}],"line":25}},"s":{"0":2,"1":2,"2":2,"3":2,"4":2,"5":2,"6":7,"7":7,"8":4,"9":4,"10":3,"11":2,"12":4,"13":2,"14":3,"15":2,"16":0,"17":2,"18":0},"f":{"0":7,"1":4,"2":3,"3":0,"4":0},"b":{"0":[4,3]},"_coverageSchema":"1a1c01bbd47fc00a2c39e90264f33305004495a9","hash":"69b5c959ca308e09f2343b9339d0a5743bd42a01"}
,"E:\\WebDir\\Online-schools\\GoIT\\Course\\Node21-22\\lesson10\\routes\\api\\users\\index.js": {"path":"E:\\WebDir\\Online-schools\\GoIT\\Course\\Node21-22\\lesson10\\routes\\api\\users\\index.js","statementMap":{"0":{"start":{"line":1,"column":16},"end":{"line":1,"column":34}},"1":{"start":{"line":2,"column":15},"end":{"line":2,"column":31}},"2":{"start":{"line":4,"column":23},"end":{"line":4,"column":60}},"3":{"start":{"line":5,"column":14},"end":{"line":5,"column":47}},"4":{"start":{"line":6,"column":15},"end":{"line":6,"column":49}},"5":{"start":{"line":7,"column":33},"end":{"line":7,"column":56}},"6":{"start":{"line":8,"column":33},"end":{"line":8,"column":75}},"7":{"start":{"line":9,"column":0},"end":{"line":9,"column":70}},"8":{"start":{"line":10,"column":0},"end":{"line":10,"column":43}},"9":{"start":{"line":11,"column":0},"end":{"line":11,"column":52}},"10":{"start":{"line":12,"column":0},"end":{"line":16,"column":1}},"11":{"start":{"line":17,"column":0},"end":{"line":17,"column":23}}},"fnMap":{},"branchMap":{},"s":{"0":2,"1":2,"2":2,"3":2,"4":2,"5":2,"6":2,"7":2,"8":2,"9":2,"10":2,"11":2},"f":{},"b":{},"_coverageSchema":"1a1c01bbd47fc00a2c39e90264f33305004495a9","hash":"337aa677f43cc4df7d5a9389c550231d3eb9fa99"}
,"E:\\WebDir\\Online-schools\\GoIT\\Course\\Node21-22\\lesson10\\routes\\api\\users\\validation.js": {"path":"E:\\WebDir\\Online-schools\\GoIT\\Course\\Node21-22\\lesson10\\routes\\api\\users\\validation.js","statementMap":{"0":{"start":{"line":1,"column":21},"end":{"line":1,"column":58}},"1":{"start":{"line":2,"column":0},"end":{"line":12,"column":1}},"2":{"start":{"line":3,"column":2},"end":{"line":10,"column":3}},"3":{"start":{"line":4,"column":4},"end":{"line":9,"column":6}},"4":{"start":{"line":11,"column":2},"end":{"line":11,"column":8}}},"fnMap":{"0":{"name":"(anonymous_0)","decl":{"start":{"line":2,"column":38},"end":{"line":2,"column":39}},"loc":{"start":{"line":2,"column":58},"end":{"line":12,"column":1}},"line":2}},"branchMap":{"0":{"loc":{"start":{"line":3,"column":2},"end":{"line":10,"column":3}},"type":"if","locations":[{"start":{"line":3,"column":2},"end":{"line":10,"column":3}},{"start":{"line":3,"column":2},"end":{"line":10,"column":3}}],"line":3}},"s":{"0":2,"1":2,"2":1,"3":0,"4":1},"f":{"0":1},"b":{"0":[0,1]},"_coverageSchema":"1a1c01bbd47fc00a2c39e90264f33305004495a9","hash":"5da42b2fe9c0a3cb885a9e38765b0b95499a7e9c"}
}
